Arguments: 
  C:\Program Files\nodejs\node.exe C:\Program Files\nodejs\node_modules\yarn\bin\yarn.js run build

PATH: 
  C:\Program Files\Common Files\Oracle\Java\javapath;C:\Windows\system32;C:\Windows;C:\Windows\System32\Wbem;C:\Windows\System32\WindowsPowerShell\v1.0\;C:\Windows\System32\OpenSSH\;C:\Program Files (x86)\NVIDIA Corporation\PhysX\Common;C:\Program Files\NVIDIA Corporation\NVIDIA NvDLISR;C:\Program Files\Git\cmd;C:\Users\Dalto\AppData\Roaming\nvm;C:\Program Files\nodejs;C:\Program Files (x86)\HP\Common\HPDestPlgIn\;C:\Program Files (x86)\dotnet\;C:\WINDOWS\system32;C:\WINDOWS;C:\WINDOWS\System32\Wbem;C:\WINDOWS\System32\WindowsPowerShell\v1.0\;C:\WINDOWS\System32\OpenSSH\;C:\Program Files (x86)\Mitov\Visuino;C:\Program Files\Docker\Docker\resources\bin;C:\Users\Dalto\AppData\Local\JSONBuddy;C:\Users\Dalto\AppData\Local\Microsoft\WindowsApps;C:\Program Files\JetBrains\IntelliJ IDEA 2022.1\bin;;C:\Users\Dalto\AppData\Roaming\nvm;C:\Program Files\nodejs;C:\Program Files (x86)\HP\Common\HPDestPlgIn\;C:\Program Files\heroku\bin;C:\Users\Dalto\AppData\Local\Google\Cloud SDK\google-cloud-sdk\bin;C:\flutter\flutter\bin;C:\Users\Dalto\AppData\Local\Programs\Microsoft VS Code\bin;C:\Users\Dalto\AppData\Local\Programs\Python\Python311;C:\MinGW\msys\1.0\bin;

Yarn version: 
  1.22.19

Node version: 
  18.14.0

Platform: 
  win32 x64

Trace: 
  SyntaxError: C:\Users\Dalto\IdeaProjects\mc-sdk-js\clients\client-topia\package.json: Unexpected token } in JSON at position 1977
      at JSON.parse (<anonymous>)
      at C:\Users\Dalto\AppData\Roaming\nvm\v18.14.0\node_modules\yarn\lib\cli.js:1629:59
      at Generator.next (<anonymous>)
      at step (C:\Users\Dalto\AppData\Roaming\nvm\v18.14.0\node_modules\yarn\lib\cli.js:310:30)
      at C:\Users\Dalto\AppData\Roaming\nvm\v18.14.0\node_modules\yarn\lib\cli.js:321:13

npm manifest: 
  {
    "author": "Topia",
    "bugs": {
      "url": "https://github.com/metaversecloud-com/mc-sdk-js/issues"
    },
    "description": "MC Javascript SDK - Topia Client Library",
    "devDependencies": {
      "@rollup/plugin-alias": "^4.0.2",
      "@rollup/plugin-commonjs": "^23.0.2",
      "@rollup/plugin-json": "^5.0.1",
      "@rollup/plugin-node-resolve": "^15.0.1",
      "@types/jest": "^29.2.3",
      "@types/jsonwebtoken": "^9.0.0",
      "@typescript-eslint/eslint-plugin": "^5.43.0",
      "@typescript-eslint/parser": "^5.43.0",
      "axios": "^1.1.3",
      "axios-mock-adapter": "^1.21.2",
      "eslint": "^8.28.0",
      "eslint-config-prettier": "^8.5.0",
      "eslint-plugin-prettier": "^4.2.1",
      "jest": "^29.3.1",
      "jsonwebtoken": "^9.0.0",
      "prettier": "^2.7.1",
      "rollup": "^3.4.0",
      "rollup-plugin-license": "^3.0.1",
      "rollup-plugin-typescript2": "^0.34.1",
      "ts-jest": "^29.0.3",
      "typedoc": "^0.23.23",
      "tsc-alias": "^1.8.6",
      "typescript": "^5.0.4",
      "yalc": "^1.0.0-pre.53"
    },
    "files": [
      "dist/*"
    ],
    "gitHead": "7eef1f7fd9b3b0af395f95cb908add3011abf808",
    "homepage": "https://github.com/metaversecloud-com/mc-sdk-js/tree/main/clients/client-topia",
    "license": "bsd-3-clause",
    "keywords": [],
    "name": "@rtsdk/topia",
    "main": "dist/index.js",
    "publishConfig": {
      "access": "public",
      "registry": "https://registry.npmjs.org/"
    },
    "repository": {
      "directory": "clients/client-topia",
      "type": "git",
      "url": "git+https://github.com/metaversecloud-com/mc-sdk-js.git"
    },
    "scripts": {
      "build": "tsc && rollup -c",
      "build-declarations": "tsc --emitDeclarationOnly --declarationDir esm && tsc-alias --directory esm",
      "test": "ENV=testing jest --watchAll=false",
      "lint": "eslint \"src/**\"",
      "docs": "typedoc",
      "pkg": "yarn && yarn build && yarn docs && npm publish",
      "local-publish": "yarn build && yalc publish --push --no-scripts"
    },
    "type": "module",
    "version": "0.2.2",
  }

yarn manifest: 
  No manifest

Lockfile: 
  # THIS IS AN AUTOGENERATED FILE. DO NOT EDIT THIS FILE DIRECTLY.
  # yarn lockfile v1
